[2022/12/17 12:49:55 INFO]检查服务器参数
[2022/12/17 12:49:55 INFO]创建服务端套接字
[2022/12/17 12:49:55 INFO]绑定地址: 10.129.16.253
[2022/12/17 12:49:55 INFO]绑定端口: 10000
[2022/12/17 12:49:55 INFO]设定服务器最大连接数量: 1000
[2022/12/17 12:49:55 INFO]启动数据传输监测协程
[2022/12/17 12:49:55 INFO]启动服务器数据更新协程
[2022/12/17 12:49:55 INFO]清空签到表数据
[2022/12/17 12:49:55 INFO]启动客户端连接线程
[2022/12/17 12:49:55 INFO]=====[服务器启动]=====
[2022/12/17 12:51:36 INFO]终止服务器数据更新协程
[2022/12/17 12:51:36 INFO]关闭服务器套接字
[2022/12/17 12:51:36 INFO]终止客户端连接线程
[2022/12/17 12:51:36 INFO]=====[服务器中止]=====
[2022/12/23 09:16:31 INFO]检查服务器参数
[2022/12/23 09:17:17 INFO]检查服务器参数
[2022/12/23 09:17:17 INFO]创建服务端套接字
[2022/12/23 09:17:17 INFO]绑定地址: 192.168.0.106
[2022/12/23 09:17:17 INFO]绑定端口: 10000
[2022/12/23 09:17:17 INFO]设定服务器最大连接数量: 1000
[2022/12/23 09:17:17 INFO]启动数据传输监测协程
[2022/12/23 09:17:17 INFO]启动服务器数据更新协程
[2022/12/23 09:17:17 INFO]清空签到表数据
[2022/12/23 09:17:17 INFO]启动客户端连接线程
[2022/12/23 09:17:17 INFO]完成！需要帮助，键入“help”！
[2022/12/23 09:17:21 CMD]help
[2022/12/23 09:17:21 ANS]Unknow Command
[2022/12/23 09:17:26 INFO]终止服务器数据更新协程
[2022/12/23 09:17:26 INFO]关闭服务器套接字
[2022/12/23 09:17:26 INFO]终止客户端连接线程
[2022/12/23 09:17:27 INFO]=====[服务器中止]=====
[2022/12/23 09:17:42 INFO]检查服务器参数
[2022/12/23 09:17:42 INFO]创建服务端套接字
[2022/12/23 09:17:42 INFO]绑定地址: 192.168.0.106
[2022/12/23 09:17:42 INFO]绑定端口: 10000
[2022/12/23 09:17:42 INFO]设定服务器最大连接数量: 1000
[2022/12/23 09:17:42 INFO]启动数据传输监测协程
[2022/12/23 09:17:42 INFO]启动服务器数据更新协程
[2022/12/23 09:17:42 INFO]清空签到表数据
[2022/12/23 09:17:42 INFO]启动客户端连接线程
[2022/12/23 09:17:42 INFO]完成！需要帮助，键入“help”！
[2022/12/23 09:17:45 CMD]help
[2022/12/23 09:17:45 ANS]Unknow Command
[2022/12/23 09:17:49 INFO]终止服务器数据更新协程
[2022/12/23 09:17:49 INFO]关闭服务器套接字
[2022/12/23 09:17:49 INFO]终止客户端连接线程
[2022/12/23 09:17:50 INFO]=====[服务器中止]=====
[2022/12/23 09:18:19 INFO]检查服务器参数
[2022/12/23 09:18:19 INFO]创建服务端套接字
[2022/12/23 09:18:19 INFO]绑定地址: 192.168.0.106
[2022/12/23 09:18:19 INFO]绑定端口: 10000
[2022/12/23 09:18:19 INFO]设定服务器最大连接数量: 1000
[2022/12/23 09:18:19 INFO]启动数据传输监测协程
[2022/12/23 09:18:19 INFO]启动服务器数据更新协程
[2022/12/23 09:18:19 INFO]清空签到表数据
[2022/12/23 09:18:19 INFO]启动客户端连接线程
[2022/12/23 09:18:19 INFO]完成！需要帮助，键入“help”！
[2022/12/23 09:18:22 CMD]help
[2022/12/23 09:18:29 INFO]终止服务器数据更新协程
[2022/12/23 09:18:29 INFO]关闭服务器套接字
[2022/12/23 09:18:29 INFO]终止客户端连接线程
[2022/12/23 09:18:29 INFO]=====[服务器中止]=====
[2022/12/23 09:19:16 INFO]检查服务器参数
[2022/12/23 09:19:16 INFO]创建服务端套接字
[2022/12/23 09:19:16 INFO]绑定地址: 192.168.0.106
[2022/12/23 09:19:16 INFO]绑定端口: 10000
[2022/12/23 09:19:16 INFO]设定服务器最大连接数量: 1000
[2022/12/23 09:19:16 INFO]启动数据传输监测协程
[2022/12/23 09:19:16 INFO]启动服务器数据更新协程
[2022/12/23 09:19:16 INFO]清空签到表数据
[2022/12/23 09:19:16 INFO]启动客户端连接线程
[2022/12/23 09:19:16 INFO]完成！需要帮助，键入“help”！
[2022/12/23 09:19:19 CMD]help
[2022/12/23 09:22:08 INFO]检查服务器参数
[2022/12/23 09:22:08 INFO]创建服务端套接字
[2022/12/23 09:22:08 INFO]绑定地址: 192.168.0.106
[2022/12/23 09:22:08 INFO]绑定端口: 10000
[2022/12/23 09:22:08 INFO]设定服务器最大连接数量: 1000
[2022/12/23 09:22:08 INFO]启动数据传输监测协程
[2022/12/23 09:22:08 INFO]启动服务器数据更新协程
[2022/12/23 09:22:08 INFO]清空签到表数据
[2022/12/23 09:22:08 INFO]启动客户端连接线程
[2022/12/23 09:22:08 INFO]完成！需要帮助，键入“help”！
[2022/12/23 09:22:12 CMD]connection
[2022/12/23 09:22:12 ANS]Unknow Command
[2022/12/23 09:22:14 INFO]终止服务器数据更新协程
[2022/12/23 09:22:14 INFO]关闭服务器套接字
[2022/12/23 09:22:14 INFO]终止客户端连接线程
[2022/12/23 09:22:14 INFO]=====[服务器中止]=====
[2022/12/23 09:25:30 INFO]检查服务器参数
[2022/12/23 09:25:30 INFO]创建服务端套接字
[2022/12/23 09:25:30 INFO]绑定地址: 192.168.0.106
[2022/12/23 09:25:30 INFO]绑定端口: 10000
[2022/12/23 09:25:30 INFO]设定服务器最大连接数量: 1000
[2022/12/23 09:25:30 INFO]启动数据传输监测协程
[2022/12/23 09:25:30 INFO]启动服务器数据更新协程
[2022/12/23 09:25:30 INFO]清空签到表数据
[2022/12/23 09:25:30 INFO]启动客户端连接线程
[2022/12/23 09:25:30 INFO]完成！需要帮助，键入“help”！
[2022/12/23 09:25:32 CMD]help
[2022/12/23 09:25:36 CMD]time
[2022/12/23 09:25:36 ANS]Unknow Command
[2022/12/23 09:25:40 CMD]Time
[2022/12/23 09:25:40 ANS]Unknow Command
[2022/12/23 09:25:58 CMD]connection
[2022/12/23 09:25:58 ANS]Unknow Command
[2022/12/23 09:26:00 INFO]终止服务器数据更新协程
[2022/12/23 09:26:00 INFO]关闭服务器套接字
[2022/12/23 09:26:00 INFO]终止客户端连接线程
[2022/12/23 09:26:00 INFO]=====[服务器中止]=====
[2022/12/23 09:29:36 INFO]检查服务器参数
[2022/12/23 09:29:36 INFO]创建服务端套接字
[2022/12/23 09:29:36 INFO]绑定地址: 192.168.0.106
[2022/12/23 09:29:36 INFO]绑定端口: 10000
[2022/12/23 09:29:36 INFO]设定服务器最大连接数量: 1000
[2022/12/23 09:29:36 INFO]启动数据传输监测协程
[2022/12/23 09:29:36 INFO]启动服务器数据更新协程
[2022/12/23 09:29:36 INFO]清空签到表数据
[2022/12/23 09:29:36 INFO]启动客户端连接线程
[2022/12/23 09:29:36 INFO]完成！需要帮助，键入“help”！
[2022/12/23 09:29:46 INFO]检查服务器参数
[2022/12/23 09:29:46 INFO]创建服务端套接字
[2022/12/23 09:29:46 INFO]绑定地址: 192.168.0.106
[2022/12/23 09:29:46 INFO]绑定端口: 10000
[2022/12/23 09:29:46 INFO]设定服务器最大连接数量: 1000
[2022/12/23 09:29:46 INFO]启动数据传输监测协程
[2022/12/23 09:29:46 INFO]启动服务器数据更新协程
[2022/12/23 09:29:46 INFO]清空签到表数据
[2022/12/23 09:29:46 INFO]启动客户端连接线程
[2022/12/23 09:29:46 INFO]完成！需要帮助，键入“help”！
[2022/12/23 09:29:53 CMD]HELP
[2022/12/23 09:29:53 BACK]Unknow Command
[2022/12/23 09:29:55 CMD]help
[2022/12/23 09:29:55 BACK]命令                            作用
help                            获取帮助信息
connection                      查看连接列表
attendance                      查看签到列表
room                            查看房间字典
time                            查看服务器运行时间
say ...                         广播
kick ...                        踢出用户
clear [connection/attendance]   断开连接/清空签到列表
[2022/12/23 09:30:31 CMD]connection
[2022/12/23 09:30:31 BACK][]
[2022/12/23 09:30:42 INFO]终止服务器数据更新协程
[2022/12/23 09:30:42 INFO]关闭服务器套接字
[2022/12/23 09:30:42 INFO]终止客户端连接线程
[2022/12/23 09:30:42 INFO]=====[服务器中止]=====
[2022/12/23 09:31:24 INFO]检查服务器参数
[2022/12/23 09:31:24 INFO]创建服务端套接字
[2022/12/23 09:31:24 INFO]绑定地址: 192.168.0.106
[2022/12/23 09:31:24 INFO]绑定端口: 10000
[2022/12/23 09:31:24 INFO]设定服务器最大连接数量: 1000
[2022/12/23 09:31:24 INFO]启动数据传输监测协程
[2022/12/23 09:31:24 INFO]启动服务器数据更新协程
[2022/12/23 09:31:24 INFO]清空签到表数据
[2022/12/23 09:31:24 INFO]启动客户端连接线程
[2022/12/23 09:31:24 INFO]完成！需要帮助，键入“help”！
[2022/12/23 09:31:31 INPUT]help
[2022/12/23 09:31:31 OUTPUT]
命令                            作用
help                            获取帮助信息
connection                      查看连接列表
attendance                      查看签到列表
room                            查看房间字典
time                            查看服务器运行时间
say ...                         广播
kick ...                        踢出用户
clear [connection/attendance]   断开连接/清空签到列表
[2022/12/23 09:32:58 INPUT]time
[2022/12/23 09:32:58 OUTPUT]Time:86.3s
[2022/12/23 09:33:04 INFO]终止服务器数据更新协程
[2022/12/23 09:33:04 INFO]关闭服务器套接字
[2022/12/23 09:33:04 INFO]终止客户端连接线程
[2022/12/23 09:33:04 INFO]=====[服务器中止]=====
[2022/12/23 09:33:10 INFO]检查服务器参数
[2022/12/23 09:33:10 INFO]创建服务端套接字
[2022/12/23 09:33:10 INFO]绑定地址: 192.168.0.106
[2022/12/23 09:33:10 INFO]绑定端口: 10000
[2022/12/23 09:33:10 INFO]设定服务器最大连接数量: 1000
[2022/12/23 09:33:10 INFO]启动数据传输监测协程
[2022/12/23 09:33:10 INFO]启动服务器数据更新协程
[2022/12/23 09:33:10 INFO]清空签到表数据
[2022/12/23 09:33:10 INFO]启动客户端连接线程
[2022/12/23 09:33:10 INFO]完成！需要帮助，键入“help”
[2022/12/23 09:33:11 INFO]终止服务器数据更新协程
[2022/12/23 09:33:11 INFO]关闭服务器套接字
[2022/12/23 09:33:11 INFO]终止客户端连接线程
[2022/12/23 09:33:11 INFO]完成！点击“启动”以重启服务器
[2022/12/23 09:33:29 INFO]检查服务器参数
[2022/12/23 09:33:29 INFO]创建服务端套接字
[2022/12/23 09:33:29 INFO]绑定地址: 192.168.0.106
[2022/12/23 09:33:29 INFO]绑定端口: 10000
[2022/12/23 09:33:29 INFO]设定服务器最大连接数量: 1000
[2022/12/23 09:33:29 INFO]启动数据传输监测协程
[2022/12/23 09:33:29 INFO]启动服务器数据更新协程
[2022/12/23 09:33:29 INFO]清空签到表数据
[2022/12/23 09:33:29 INFO]启动客户端连接线程
[2022/12/23 09:33:29 INFO]完成！需要帮助，键入“help”
[2022/12/23 09:53:07 INFO]检查服务器参数
[2022/12/23 09:53:07 INFO]创建服务端套接字
[2022/12/23 09:53:07 INFO]绑定地址: 192.168.0.106
[2022/12/23 09:53:07 INFO]绑定端口: 10000
[2022/12/23 09:53:07 INFO]设定服务器最大连接数量: 1000
[2022/12/23 09:53:07 INFO]启动数据传输监测协程
[2022/12/23 09:53:07 INFO]启动服务器数据更新协程
[2022/12/23 09:53:07 INFO]清空签到表数据
[2022/12/23 09:53:07 INFO]启动客户端连接线程
[2022/12/23 09:53:07 INFO]完成！需要帮助，键入“help”
[2022/12/23 09:53:08 INFO]终止服务器数据更新协程
[2022/12/23 09:53:08 INFO]关闭服务器套接字
[2022/12/23 09:53:08 INFO]终止客户端连接线程
[2022/12/23 09:53:09 INFO]完成！点击“启动”以重启服务器
[2022/12/23 09:53:59 INFO]检查服务器参数
[2022/12/23 09:53:59 INFO]创建服务端套接字
[2022/12/23 09:53:59 INFO]绑定地址: 192.168.0.106
[2022/12/23 09:53:59 INFO]绑定端口: 10000
[2022/12/23 09:53:59 INFO]设定服务器最大连接数量: 1000
[2022/12/23 09:53:59 INFO]启动数据传输监测协程
[2022/12/23 09:53:59 INFO]启动服务器数据更新协程
[2022/12/23 09:53:59 INFO]清空签到表数据
[2022/12/23 09:53:59 INFO]启动客户端连接线程
[2022/12/23 09:53:59 INFO]Done！需要帮助，键入“help”
[2022/12/23 09:54:10 INFO]终止服务器数据更新协程
[2022/12/23 09:54:10 INFO]关闭服务器套接字
[2022/12/23 09:54:10 INFO]终止客户端连接线程
[2022/12/23 09:54:10 INFO]Done！点击“启动”以重启服务器
[2022/12/23 09:58:36 INFO]检查服务器参数
[2022/12/23 09:58:36 INFO]创建服务端套接字
[2022/12/23 09:58:36 INFO]绑定地址: 192.168.0.106
[2022/12/23 09:58:36 INFO]绑定端口: 10000
[2022/12/23 09:58:36 INFO]设定服务器最大连接数量: 1000
[2022/12/23 09:58:36 INFO]启动数据传输监测协程
[2022/12/23 09:58:36 INFO]启动服务器数据更新协程
[2022/12/23 09:58:36 INFO]清空签到表数据
[2022/12/23 09:58:36 INFO]启动客户端连接线程
[2022/12/23 09:58:36 INFO]Done！需要帮助，键入“help”
[2022/12/23 09:58:39 IN]help
[2022/12/23 09:58:39 OUT]
命令                            作用
help                            获取帮助信息
connection                      查看连接列表
attendance                      查看签到列表
room                            查看房间字典
time                            查看服务器运行时间
say ...                         广播
kick ...                        踢出用户
clear [connection/attendance]   断开连接/清空签到列表
[2022/12/23 09:58:47 IN]connection
[2022/12/23 09:58:47 OUT][]
[2022/12/23 09:58:53 IN]atendance
[2022/12/23 09:58:53 OUT]Unknow Command
[2022/12/23 09:59:03 IN]attendance
[2022/12/23 09:59:03 OUT][]
[2022/12/23 09:59:06 IN]room
[2022/12/23 09:59:06 OUT]{'chess': [], 'Gobang': [], 'Flip': []}
[2022/12/23 09:59:12 IN]time
[2022/12/23 09:59:12 OUT]Time:33.4s
[2022/12/23 09:59:19 IN]say 123
[2022/12/23 09:59:19 OUT]Server:
123
[2022/12/23 09:59:29 IN]kick 123
[2022/12/23 09:59:29 OUT]123 不在线或不存在
[2022/12/23 09:59:45 IN]clear connection
[2022/12/23 09:59:45 OUT]已断开所有客户端的连接
[2022/12/23 09:59:58 IN]clear attendance
[2022/12/23 09:59:58 OUT]清空签到表数据
[2022/12/23 10:00:02 INFO]终止服务器数据更新协程
[2022/12/23 10:00:02 INFO]关闭服务器套接字
[2022/12/23 10:00:02 INFO]终止客户端连接线程
[2022/12/23 10:00:02 INFO]Done！点击“启动”以重启服务器
[2022/12/23 19:54:35 INFO]检查服务器参数
[2022/12/23 19:54:35 INFO]创建服务端套接字
[2022/12/23 19:54:35 INFO]绑定地址: 192.168.0.106
[2022/12/23 19:54:35 INFO]绑定端口: 10000
[2022/12/23 19:54:35 INFO]设定服务器最大连接数量: 1000
[2022/12/23 19:54:35 INFO]启动数据传输监测协程
[2022/12/23 19:54:35 INFO]启动服务器数据更新协程
[2022/12/23 19:54:35 INFO]清空签到表数据
[2022/12/23 19:54:35 INFO]启动客户端连接线程
[2022/12/23 19:54:35 INFO]Done！需要帮助，键入“help”
[2022/12/23 19:54:38 INFO]终止服务器数据更新协程
[2022/12/23 19:54:38 INFO]关闭服务器套接字
[2022/12/23 19:54:38 INFO]终止客户端连接线程
[2022/12/23 19:54:38 INFO]Done！点击“启动”以重启服务器
[2022/12/23 19:54:39 INFO]检查服务器参数
[2022/12/23 19:54:39 INFO]创建服务端套接字
[2022/12/23 19:54:39 INFO]绑定地址: 192.168.0.106
[2022/12/23 19:54:39 INFO]绑定端口: 10000
[2022/12/23 19:54:39 INFO]设定服务器最大连接数量: 1000
[2022/12/23 19:54:39 INFO]启动数据传输监测协程
[2022/12/23 19:54:39 INFO]启动服务器数据更新协程
[2022/12/23 19:54:39 INFO]清空签到表数据
[2022/12/23 19:54:39 INFO]启动客户端连接线程
[2022/12/23 19:54:39 INFO]Done！需要帮助，键入“help”
[2022/12/23 19:54:41 INFO]终止服务器数据更新协程
[2022/12/23 19:54:41 INFO]关闭服务器套接字
[2022/12/23 19:54:41 INFO]终止客户端连接线程
[2022/12/23 19:54:41 INFO]Done！点击“启动”以重启服务器
[2022/12/23 19:54:45 IN ]help
[2022/12/23 19:54:45 OUT]
命令                            作用
help                            获取帮助信息
connection                      查看连接列表
attendance                      查看签到列表
room                            查看房间字典
time                            查看服务器运行时间
say ...                         广播
kick ...                        踢出用户
clear [connection/attendance]   断开连接/清空签到列表
[2022/12/23 19:54:53 IN ]kick 123
[2022/12/23 19:54:53 OUT]123 不在线或不存在
[2022/12/23 19:55:05 IN ]connection
[2022/12/23 19:55:05 OUT][]
[2022/12/23 19:55:12 IN ]jasdhfjl asdljfhj sdajlfg djsla jkas
[2022/12/23 19:55:12 OUT]Unknow Command
[2022/12/23 19:59:50 INFO]检查服务器参数
[2022/12/23 19:59:50 INFO]创建服务端套接字
[2022/12/23 19:59:50 INFO]绑定地址: 192.168.0.106
[2022/12/23 19:59:50 INFO]绑定端口: 10000
[2022/12/23 19:59:50 INFO]设定服务器最大连接数量: 1000
[2022/12/23 19:59:50 INFO]启动数据传输监测协程
[2022/12/23 19:59:50 INFO]启动服务器数据更新协程
[2022/12/23 19:59:50 INFO]清空签到表数据
[2022/12/23 19:59:50 INFO]启动客户端连接线程
[2022/12/23 19:59:50 INFO]Done！需要帮助，键入“help”
[2022/12/23 20:00:38 IN ]connection
[2022/12/23 20:00:38 OUT][None]
[2022/12/23 20:01:12 INFO]终止服务器数据更新协程
[2022/12/23 20:01:12 INFO]关闭服务器套接字
[2022/12/23 20:01:12 INFO]终止客户端连接线程
[2022/12/23 20:01:12 INFO]Done！点击“启动”以重启服务器
[2022/12/23 20:01:15 INFO]检查服务器参数
[2022/12/23 20:01:15 INFO]创建服务端套接字
[2022/12/23 20:01:15 INFO]绑定地址: 192.168.0.106
[2022/12/23 20:01:15 INFO]绑定端口: 10000
[2022/12/23 20:01:15 INFO]设定服务器最大连接数量: 1000
[2022/12/23 20:01:15 INFO]启动数据传输监测协程
[2022/12/23 20:01:15 INFO]启动服务器数据更新协程
[2022/12/23 20:01:15 INFO]清空签到表数据
[2022/12/23 20:01:15 INFO]启动客户端连接线程
[2022/12/23 20:01:15 INFO]Done！需要帮助，键入“help”
[2022/12/23 20:11:29 INFO]Server 注册账号
[2022/12/23 20:14:05 INFO]检查服务器参数
[2022/12/23 20:14:05 INFO]创建服务端套接字
[2022/12/23 20:14:05 INFO]绑定地址: 192.168.0.106
[2022/12/23 20:14:05 INFO]绑定端口: 10000
[2022/12/23 20:14:05 INFO]设定服务器最大连接数量: 1000
[2022/12/23 20:14:05 INFO]启动数据传输监测协程
[2022/12/23 20:14:05 INFO]启动服务器数据更新协程
[2022/12/23 20:14:05 INFO]清空签到表数据
[2022/12/23 20:14:05 INFO]启动客户端连接线程
[2022/12/23 20:14:05 INFO]Done！需要帮助，键入“help”
[2022/12/23 20:14:27 INFO]Server 注册账号
[2022/12/23 20:16:40 INFO]终止服务器数据更新协程
[2022/12/23 20:16:40 INFO]关闭服务器套接字
[2022/12/23 20:16:40 INFO]终止客户端连接线程
[2022/12/23 20:16:40 INFO]Done！点击“启动”以重启服务器
[2022/12/23 20:19:46 INFO]检查服务器参数
[2022/12/23 20:19:46 INFO]创建服务端套接字
[2022/12/23 20:19:46 INFO]绑定地址: 192.168.0.106
[2022/12/23 20:19:46 INFO]绑定端口: 10000
[2022/12/23 20:19:46 INFO]设定服务器最大连接数量: 1000
[2022/12/23 20:19:46 INFO]启动数据传输监测协程
[2022/12/23 20:19:46 INFO]启动服务器数据更新协程
[2022/12/23 20:19:46 INFO]清空签到表数据
[2022/12/23 20:19:46 INFO]启动客户端连接线程
[2022/12/23 20:19:46 INFO]Done！需要帮助，键入“help”
[2022/12/23 20:20:04 INFO]Server 登录服务器
[2022/12/23 20:20:47 IN ]connection
[2022/12/23 20:20:47 OUT][None]
[2022/12/23 20:23:42 INFO]检查服务器参数
[2022/12/23 20:23:42 INFO]创建服务端套接字
[2022/12/23 20:23:42 INFO]绑定地址: 192.168.0.106
[2022/12/23 20:23:42 INFO]绑定端口: 10000
[2022/12/23 20:23:42 INFO]设定服务器最大连接数量: 1000
[2022/12/23 20:23:42 INFO]启动数据传输监测协程
[2022/12/23 20:23:42 INFO]启动服务器数据更新协程
[2022/12/23 20:23:42 INFO]清空签到表数据
[2022/12/23 20:23:42 INFO]启动客户端连接线程
[2022/12/23 20:23:42 INFO]Done！需要帮助，键入“help”
[2022/12/23 20:23:52 INFO]Server 登录服务器
[2022/12/23 20:24:15 IN ]connection
[2022/12/23 20:24:15 OUT]['Server']
[2022/12/23 20:24:22 IN ]kick Server
[2022/12/23 20:24:22 INFO]Server 登出服务器
[2022/12/23 20:24:22 OUT]Server 被踢出服务器
[2022/12/23 20:25:05 IN ]stop
[2022/12/23 20:25:05 OUT]Unknow Command
[2022/12/23 20:25:12 IN ]save
[2022/12/23 20:25:12 OUT]Unknow Command
[2022/12/23 20:25:18 INFO]终止服务器数据更新协程
[2022/12/23 20:25:18 INFO]关闭服务器套接字
[2022/12/23 20:25:18 INFO]终止客户端连接线程
[2022/12/23 20:25:18 INFO]Done！点击“启动”以重启服务器
[2022/12/23 20:58:52 INFO]检查服务器参数
[2022/12/23 20:58:52 INFO]创建服务端套接字
[2022/12/23 20:58:52 INFO]绑定地址: 192.168.0.106
[2022/12/23 20:58:52 INFO]绑定端口: 10000
[2022/12/23 20:58:52 INFO]设定服务器最大连接数量: 1000
[2022/12/23 20:58:52 INFO]启动数据传输监测协程
[2022/12/23 20:58:52 INFO]启动服务器数据更新协程
[2022/12/23 20:58:52 INFO]清空签到表数据
[2022/12/23 20:58:52 INFO]启动客户端连接线程
[2022/12/23 20:58:52 INFO]Done！需要帮助，键入“help”
[2022/12/23 21:04:11 INFO]Server 登录服务器
[2022/12/23 21:04:14 INFO]Server 登出服务器
[2022/12/23 21:29:27 INFO]Test 注册账号
[2022/12/23 21:36:10 INFO]Test2 注册账号
[2022/12/23 21:36:13 INFO]Test2 登录服务器
[2022/12/23 21:36:22 INFO]Test2 登出服务器
[2022/12/23 21:41:58 INFO]Server 登录服务器
[2022/12/23 21:44:45 INFO]Server 登出服务器
[2022/12/23 21:51:11 INFO]Server 登录服务器
[2022/12/23 21:51:17 INFO]Server 登出服务器
[2022/12/23 21:54:45 INFO]Server 登录服务器
[2022/12/23 21:54:51 INFO]Server 登出服务器
[2022/12/23 21:55:34 INFO]Server 登录服务器
[2022/12/23 21:55:37 INFO]Server 登出服务器
[2022/12/23 21:56:21 INFO]Server 登录服务器
[2022/12/23 21:56:24 INFO]Server 登出服务器
[2022/12/23 21:56:39 INFO]Server 登录服务器
[2022/12/23 21:56:41 INFO]Server 登出服务器
[2022/12/23 21:57:00 INFO]Server 登录服务器
[2022/12/23 21:57:02 INFO]Server 登出服务器
[2022/12/23 21:58:01 INFO]Server 登录服务器
[2022/12/23 21:58:09 INFO]Server 登出服务器
[2022/12/24 09:13:03 INFO]检查服务器参数
[2022/12/24 09:13:03 INFO]创建服务端套接字
[2022/12/24 09:13:03 INFO]绑定地址: 192.168.0.106
[2022/12/24 09:13:03 INFO]绑定端口: 10000
[2022/12/24 09:13:03 INFO]设定服务器最大连接数量: 1000
[2022/12/24 09:13:03 INFO]启动数据传输监测协程
[2022/12/24 09:13:03 INFO]启动服务器数据更新协程
[2022/12/24 09:13:03 INFO]清空签到表数据
[2022/12/24 09:13:03 INFO]启动客户端连接线程
[2022/12/24 09:13:03 INFO]Done！若需要帮助，请键入“help”
[2022/12/24 09:16:38 INFO]Server 登录服务器
[2022/12/24 09:16:56 INFO]Server 登出服务器
[2022/12/24 09:19:40 INFO]Server 登录服务器
[2022/12/24 09:20:07 INFO]Server 登出服务器
[2022/12/24 09:20:35 INFO]Server 登录服务器
[2022/12/24 09:20:46 INFO]Server 登出服务器
[2022/12/24 09:21:48 INFO]Server 登录服务器
[2022/12/24 09:22:10 INFO]Server 登出服务器
[2022/12/24 09:22:33 INFO]Server 登录服务器
[2022/12/24 09:22:36 INFO]Server 登出服务器
[2022/12/24 09:22:58 INFO]Server 登录服务器
[2022/12/24 09:23:14 INFO]Server 登出服务器
[2022/12/24 09:23:35 INFO]Server 登录服务器
[2022/12/24 09:26:11 INFO]Server 登出服务器
[2022/12/24 09:29:25 INFO]终止服务器数据更新协程
[2022/12/24 09:29:25 INFO]关闭服务器套接字
[2022/12/24 09:29:25 INFO]终止客户端连接线程
[2022/12/24 09:29:25 INFO]Done！点击“启动”以重启服务器
[2022/12/24 12:26:22 INFO]检查服务器参数
[2022/12/24 12:26:22 INFO]创建服务端套接字
[2022/12/24 12:26:22 INFO]绑定地址: 192.168.0.106
[2022/12/24 12:26:22 INFO]绑定端口: 10000
[2022/12/24 12:26:22 INFO]设定服务器最大连接数量: 1000
[2022/12/24 12:26:22 INFO]启动数据传输监测协程
[2022/12/24 12:26:22 INFO]启动服务器数据更新协程
[2022/12/24 12:26:22 INFO]清空签到表数据
[2022/12/24 12:26:22 INFO]启动客户端连接线程
[2022/12/24 12:26:22 INFO]Done！若需要帮助，请键入“help”
[2022/12/24 12:26:55 INFO]Server 登录服务器
[2022/12/24 12:33:27 INFO]Server 登出服务器
[2022/12/24 18:03:40 INFO]检查服务器参数
[2022/12/24 18:03:40 INFO]创建服务端套接字
[2022/12/24 18:03:40 INFO]绑定地址: 192.168.0.106
[2022/12/24 18:03:40 INFO]绑定端口: 10000
[2022/12/24 18:03:40 INFO]设定服务器最大连接数量: 1000
[2022/12/24 18:03:40 INFO]启动数据传输监测协程
[2022/12/24 18:03:40 INFO]启动服务器数据更新协程
[2022/12/24 18:03:40 INFO]清空签到表数据
[2022/12/24 18:03:40 INFO]启动客户端连接线程
[2022/12/24 18:03:40 INFO]Done！若需要帮助，请键入“help”
[2022/12/24 18:04:35 INFO]Server 登录服务器
[2022/12/24 18:04:43 INFO]Server 登出服务器
[2022/12/24 18:07:41 INFO]终止服务器数据更新协程
[2022/12/24 18:07:41 INFO]关闭服务器套接字
[2022/12/24 18:07:41 INFO]终止客户端连接线程
[2022/12/24 18:07:41 INFO]Done！点击“启动”以重启服务器
[2022/12/26 21:48:23 INFO]检查服务器参数
[2022/12/26 21:48:23 INFO]创建服务端套接字
[2022/12/26 21:48:23 INFO]绑定地址: 192.168.0.106
[2022/12/26 21:48:23 INFO]绑定端口: 10000
[2022/12/26 21:48:23 INFO]设定服务器最大连接数量: 1000
[2022/12/26 21:48:23 INFO]启动数据传输监测协程
[2022/12/26 21:48:23 INFO]启动服务器数据更新协程
[2022/12/26 21:48:23 INFO]清空签到表数据
[2022/12/26 21:48:23 INFO]启动客户端连接线程
[2022/12/26 21:48:23 INFO]Done！若需要帮助，请键入“help”
[2022/12/26 21:55:39 INFO]检查服务器参数
[2022/12/26 21:55:39 INFO]创建服务端套接字
[2022/12/26 21:55:39 INFO]绑定地址: 192.168.0.106
[2022/12/26 21:55:39 INFO]绑定端口: 10000
[2022/12/26 21:55:39 INFO]设定服务器最大连接数量: 1000
[2022/12/26 21:55:39 INFO]启动数据传输监测协程
[2022/12/26 21:55:39 INFO]启动服务器数据更新协程
[2022/12/26 21:55:39 INFO]清空签到表数据
[2022/12/26 21:55:39 INFO]启动客户端连接线程
[2022/12/26 21:55:39 INFO]Done！若需要帮助，请键入“help”
[2022/12/26 21:55:53 INFO]检查服务器参数
[2022/12/26 21:55:53 INFO]创建服务端套接字
[2022/12/26 21:55:53 INFO]绑定地址: 192.168.0.106
[2022/12/26 21:55:53 INFO]绑定端口: 10000
[2022/12/26 21:55:53 INFO]设定服务器最大连接数量: 1000
[2022/12/26 21:55:53 INFO]启动数据传输监测协程
[2022/12/26 21:55:53 INFO]启动服务器数据更新协程
[2022/12/26 21:55:53 INFO]清空签到表数据
[2022/12/26 21:55:53 INFO]启动客户端连接线程
[2022/12/26 21:55:53 INFO]Done！若需要帮助，请键入“help”
[2022/12/26 21:56:34 INFO]检查服务器参数
[2022/12/26 21:56:34 INFO]创建服务端套接字
[2022/12/26 21:56:34 INFO]绑定地址: 192.168.0.106
[2022/12/26 21:56:34 INFO]绑定端口: 10000
[2022/12/26 21:56:34 INFO]设定服务器最大连接数量: 1000
[2022/12/26 21:56:34 INFO]启动数据传输监测协程
[2022/12/26 21:56:34 INFO]启动服务器数据更新协程
[2022/12/26 21:56:34 INFO]清空签到表数据
[2022/12/26 21:56:34 INFO]启动客户端连接线程
[2022/12/26 21:56:34 INFO]Done！若需要帮助，请键入“help”
[2022/12/26 21:56:45 INFO]检查服务器参数
[2022/12/26 21:56:45 INFO]创建服务端套接字
[2022/12/26 21:56:45 INFO]绑定地址: 192.168.0.106
[2022/12/26 21:56:45 INFO]绑定端口: 10000
[2022/12/26 21:56:45 INFO]设定服务器最大连接数量: 1000
[2022/12/26 21:56:45 INFO]启动数据传输监测协程
[2022/12/26 21:56:45 INFO]启动服务器数据更新协程
[2022/12/26 21:56:45 INFO]清空签到表数据
[2022/12/26 21:56:45 INFO]启动客户端连接线程
[2022/12/26 21:56:45 INFO]Done！若需要帮助，请键入“help”
[2022/12/26 21:56:57 INFO]检查服务器参数
[2022/12/26 21:56:57 INFO]创建服务端套接字
[2022/12/26 21:56:57 INFO]绑定地址: 192.168.0.106
[2022/12/26 21:56:57 INFO]绑定端口: 10000
[2022/12/26 21:56:57 INFO]设定服务器最大连接数量: 1000
[2022/12/26 21:56:57 INFO]启动数据传输监测协程
[2022/12/26 21:56:57 INFO]启动服务器数据更新协程
[2022/12/26 21:56:57 INFO]清空签到表数据
[2022/12/26 21:56:57 INFO]启动客户端连接线程
[2022/12/26 21:56:57 INFO]Done！若需要帮助，请键入“help”
[2022/12/26 21:57:33 INFO]检查服务器参数
[2022/12/26 21:57:33 INFO]创建服务端套接字
[2022/12/26 21:57:33 INFO]绑定地址: 192.168.0.106
[2022/12/26 21:57:33 INFO]绑定端口: 10000
[2022/12/26 21:57:33 INFO]设定服务器最大连接数量: 1000
[2022/12/26 21:57:33 INFO]启动数据传输监测协程
[2022/12/26 21:57:33 INFO]启动服务器数据更新协程
[2022/12/26 21:57:33 INFO]清空签到表数据
[2022/12/26 21:57:33 INFO]启动客户端连接线程
[2022/12/26 21:57:33 INFO]Done！若需要帮助，请键入“help”
[2022/12/27 09:45:36 INFO]检查服务器参数
[2022/12/27 09:45:36 INFO]创建服务端套接字
[2022/12/27 09:45:36 INFO]绑定地址: 192.168.0.106
[2022/12/27 09:45:36 INFO]绑定端口: 10000
[2022/12/27 09:45:36 INFO]设定服务器最大连接数量: 1000
[2022/12/27 09:45:36 INFO]启动数据传输监测协程
[2022/12/27 09:45:36 INFO]启动服务器数据更新协程
[2022/12/27 09:45:36 INFO]清空签到表数据
[2022/12/27 09:45:36 INFO]启动客户端连接线程
[2022/12/27 09:45:36 INFO]Done！若需要帮助，请键入“help”
[2022/12/27 09:47:36 INFO]检查服务器参数
[2022/12/27 09:47:36 INFO]创建服务端套接字
[2022/12/27 09:47:36 INFO]绑定地址: 192.168.0.106
[2022/12/27 09:47:36 INFO]绑定端口: 10000
[2022/12/27 09:48:55 INFO]检查服务器参数
[2022/12/27 09:48:55 INFO]创建服务端套接字
[2022/12/27 09:48:55 INFO]绑定地址: 192.168.0.106
[2022/12/27 09:48:55 INFO]绑定端口: 10000
[2022/12/27 09:48:55 INFO]设定服务器最大连接数量: 1000
[2022/12/27 09:48:55 INFO]启动数据传输监测协程
[2022/12/27 09:48:56 INFO]启动服务器数据更新协程
[2022/12/27 09:48:56 INFO]清空签到表数据
[2022/12/27 09:48:56 INFO]启动客户端连接线程
[2022/12/27 09:48:56 INFO]Done！若需要帮助，请键入“help”
[2022/12/27 09:49:26 INFO]检查服务器参数
[2022/12/27 09:49:26 INFO]创建服务端套接字
[2022/12/27 09:49:26 INFO]绑定地址: 192.168.0.106
[2022/12/27 09:49:26 INFO]绑定端口: 10000
[2022/12/27 09:49:26 INFO]设定服务器最大连接数量: 1000
[2022/12/27 09:49:26 INFO]启动数据传输监测协程
[2022/12/27 09:49:26 INFO]启动服务器数据更新协程
[2022/12/27 09:49:26 INFO]清空签到表数据
[2022/12/27 09:49:26 INFO]启动客户端连接线程
[2022/12/27 09:49:26 INFO]Done！若需要帮助，请键入“help”
[2022/12/27 09:51:02 INFO]检查服务器参数
[2022/12/27 09:51:02 INFO]创建服务端套接字
[2022/12/27 09:51:02 INFO]绑定地址: 192.168.0.106
[2022/12/27 09:51:02 INFO]绑定端口: 10000
[2022/12/27 09:51:02 INFO]设定服务器最大连接数量: 1000
[2022/12/27 09:51:02 INFO]启动数据传输监测协程
[2022/12/27 09:51:02 INFO]启动服务器数据更新协程
[2022/12/27 09:51:02 INFO]清空签到表数据
[2022/12/27 09:51:02 INFO]启动客户端连接线程
[2022/12/27 09:51:02 INFO]Done！若需要帮助，请键入“help”
[2022/12/27 09:51:12 INFO]终止服务器数据更新协程
[2022/12/27 09:51:13 INFO]关闭服务器套接字
[2022/12/27 09:51:13 INFO]终止客户端连接线程
[2022/12/27 09:51:13 INFO]Done！点击“启动”以重启服务器
[2022/12/27 09:51:27 INFO]检查服务器参数
[2022/12/27 09:51:27 INFO]创建服务端套接字
[2022/12/27 09:51:27 INFO]绑定地址: 192.168.0.106
[2022/12/27 09:51:27 INFO]绑定端口: 10000
[2022/12/27 09:51:27 INFO]设定服务器最大连接数量: 1000
[2022/12/27 09:51:27 INFO]启动数据传输监测协程
[2022/12/27 09:51:27 INFO]启动服务器数据更新协程
[2022/12/27 09:51:27 INFO]清空签到表数据
[2022/12/27 09:51:27 INFO]启动客户端连接线程
[2022/12/27 09:51:27 INFO]Done！若需要帮助，请键入“help”
[2022/12/30 16:14:23 INFO]检查服务器参数
[2022/12/30 16:14:23 INFO]创建服务端套接字
[2022/12/30 16:14:23 INFO]绑定地址: 192.168.0.105
[2022/12/30 16:14:23 INFO]绑定端口: 10000
[2022/12/30 16:14:23 INFO]设定服务器最大连接数量: 1000
[2022/12/30 16:14:23 INFO]启动数据传输监测协程
[2022/12/30 16:14:23 INFO]启动服务器数据更新协程
[2022/12/30 16:14:23 INFO]清空签到表数据
[2022/12/30 16:14:23 INFO]启动客户端连接线程
[2022/12/30 16:14:23 INFO]Done！若需要帮助，请键入“help”
[2022/12/30 16:14:56 INFO]Server 登录服务器
[2022/12/30 16:15:00 INFO]Server 登出服务器
[2022/12/30 16:15:04 INFO]终止服务器数据更新协程
[2022/12/30 16:15:04 INFO]关闭服务器套接字
[2022/12/30 16:15:04 INFO]终止客户端连接线程
[2022/12/30 16:15:04 INFO]Done！点击“启动”以重启服务器
[2023/01/03 17:41:20 INFO]检查服务器参数
[2023/01/03 17:41:20 INFO]创建服务端套接字
[2023/01/03 17:41:20 INFO]绑定地址: 192.168.0.105
[2023/01/03 17:41:20 INFO]绑定端口: 10000
[2023/01/03 17:41:20 INFO]设定服务器最大连接数量: 1000
[2023/01/03 17:41:20 INFO]启动数据传输监测协程
[2023/01/03 17:41:20 INFO]启动服务器数据更新协程
[2023/01/03 17:41:20 INFO]清空签到表数据
[2023/01/03 17:41:20 INFO]启动客户端连接线程
[2023/01/03 17:41:20 INFO]Done！若需要帮助，请键入“help”
[2023/01/03 17:41:46 INFO]Server 登录服务器
[2023/01/03 17:51:03 INFO]Server 登出服务器
[2023/01/03 17:51:06 INFO]终止服务器数据更新协程
[2023/01/03 17:51:06 INFO]关闭服务器套接字
[2023/01/03 17:51:06 INFO]终止客户端连接线程
[2023/01/03 17:51:06 INFO]Done！点击“启动”以重启服务器
[2023/01/10 18:00:09 INFO]检查服务器参数
[2023/01/10 18:00:09 INFO]创建服务端套接字
[2023/01/10 18:00:09 INFO]绑定地址: 192.168.0.105
[2023/01/10 18:00:09 INFO]绑定端口: 10000
[2023/01/10 18:00:09 INFO]设定服务器最大连接数量: 1000
[2023/01/10 18:00:09 INFO]启动数据传输监测协程
[2023/01/10 18:00:09 INFO]启动服务器数据更新协程
[2023/01/10 18:00:09 INFO]清空签到表数据
[2023/01/10 18:00:09 INFO]启动客户端连接线程
[2023/01/10 18:00:09 INFO]Done！若需要帮助，请键入“help”
[2023/01/10 18:06:02 INFO]检查服务器参数
[2023/01/10 18:06:02 INFO]创建服务端套接字
[2023/01/10 18:06:02 INFO]绑定地址: 192.168.0.105
[2023/01/10 18:06:02 INFO]绑定端口: 10000
[2023/01/10 18:06:02 INFO]设定服务器最大连接数量: 1000
[2023/01/10 18:06:02 INFO]启动数据传输监测协程
[2023/01/10 18:06:02 INFO]启动服务器数据更新协程
[2023/01/10 18:06:02 INFO]清空签到表数据
[2023/01/10 18:06:02 INFO]启动客户端连接线程
[2023/01/10 18:06:02 INFO]Done！若需要帮助，请键入“help”
[2023/01/10 18:06:58 INFO]Server 登录服务器
[2023/01/10 18:10:17 IN ]connection
[2023/01/10 18:10:17 OUT]['Server']
[2023/01/10 18:10:42 IN ]kick Server
[2023/01/10 18:10:42 INFO]Server 登出服务器
[2023/01/10 18:10:42 OUT]Server 被踢出服务器
[2023/01/10 19:25:18 INFO]检查服务器参数
[2023/01/10 19:25:18 INFO]创建服务端套接字
[2023/01/10 19:25:18 INFO]绑定地址: 192.168.0.105
[2023/01/10 19:25:18 INFO]绑定端口: 10000
[2023/01/10 19:25:18 INFO]设定服务器最大连接数量: 1000
[2023/01/10 19:25:18 INFO]启动数据传输监测协程
[2023/01/10 19:25:18 INFO]启动服务器数据更新协程
[2023/01/10 19:25:18 INFO]清空签到表数据
[2023/01/10 19:25:18 INFO]启动客户端连接线程
[2023/01/10 19:25:18 INFO]Done！若需要帮助，请键入“help”
[2023/01/10 19:25:21 INFO]终止服务器数据更新协程
[2023/01/10 19:25:21 INFO]关闭服务器套接字
[2023/01/10 19:25:21 INFO]终止客户端连接线程
[2023/01/10 19:25:21 INFO]Done！点击“启动”以重启服务器
[2023/01/10 19:26:13 INFO]检查服务器参数
[2023/01/10 19:26:13 INFO]创建服务端套接字
[2023/01/10 19:26:13 INFO]绑定地址: 192.168.0.105
[2023/01/10 19:26:13 INFO]绑定端口: 10000
[2023/01/10 19:26:13 INFO]设定服务器最大连接数量: 1000
[2023/01/10 19:26:13 INFO]启动数据传输监测协程
[2023/01/10 19:26:13 INFO]启动服务器数据更新协程
[2023/01/10 19:26:13 INFO]清空签到表数据
[2023/01/10 19:26:13 INFO]启动客户端连接线程
[2023/01/10 19:26:13 INFO]Done！若需要帮助，请键入“help”
[2023/01/10 19:46:42 INFO]检查服务器参数
[2023/01/10 19:46:42 INFO]创建服务端套接字
[2023/01/10 19:46:42 INFO]绑定地址: 192.168.0.105
[2023/01/10 19:46:42 INFO]绑定端口: 10000
[2023/01/10 19:46:42 INFO]设定服务器最大连接数量: 1000
[2023/01/10 19:46:42 INFO]启动数据传输监测协程
[2023/01/10 19:46:42 INFO]启动服务器数据更新协程
[2023/01/10 19:46:42 INFO]清空签到表数据
[2023/01/10 19:46:42 INFO]启动客户端连接线程
[2023/01/10 19:46:42 INFO]Done！若需要帮助，请键入“help”
[2023/01/10 19:47:35 INFO]检查服务器参数
[2023/01/10 19:47:35 INFO]创建服务端套接字
[2023/01/10 19:47:35 INFO]绑定地址: 192.168.0.105
[2023/01/10 19:47:35 INFO]绑定端口: 10000
[2023/01/10 19:47:35 INFO]设定服务器最大连接数量: 1000
[2023/01/10 19:47:35 INFO]启动数据传输监测协程
[2023/01/10 19:47:35 INFO]启动服务器数据更新协程
[2023/01/10 19:47:35 INFO]清空签到表数据
[2023/01/10 19:47:35 INFO]启动客户端连接线程
[2023/01/10 19:47:35 INFO]Done！若需要帮助，请键入“help”
[2023/01/10 19:48:34 INFO]检查服务器参数
[2023/01/10 19:48:34 INFO]创建服务端套接字
[2023/01/10 19:48:34 INFO]绑定地址: 192.168.0.105
[2023/01/10 19:48:34 INFO]绑定端口: 10000
[2023/01/10 19:48:34 INFO]设定服务器最大连接数量: 1000
[2023/01/10 19:48:34 INFO]启动数据传输监测协程
[2023/01/10 19:48:34 INFO]启动服务器数据更新协程
[2023/01/10 19:48:34 INFO]清空签到表数据
[2023/01/10 19:48:34 INFO]启动客户端连接线程
[2023/01/10 19:48:34 INFO]Done！若需要帮助，请键入“help”
[2023/01/11 20:20:29 INFO]检查服务器参数
[2023/01/11 20:20:29 INFO]创建服务端套接字
[2023/01/11 20:20:29 INFO]绑定地址: 192.168.0.105
[2023/01/11 20:20:29 INFO]绑定端口: 10000
[2023/01/11 20:20:29 INFO]设定服务器最大连接数量: 1000
[2023/01/11 20:20:29 INFO]启动数据传输监测协程
[2023/01/11 20:20:29 INFO]启动服务器数据更新协程
[2023/01/11 20:20:29 INFO]清空签到表数据
[2023/01/11 20:20:29 INFO]启动客户端连接线程
[2023/01/11 20:20:29 INFO]Done！若需要帮助，请键入“help”
[2023/01/11 20:20:47 INFO]终止服务器数据更新协程
[2023/01/11 20:20:47 INFO]关闭服务器套接字
[2023/01/11 20:20:47 INFO]终止客户端连接线程
[2023/01/11 20:20:47 INFO]Done！点击“启动”以重启服务器
[2023/01/11 23:13:53 INFO]检查服务器参数
[2023/01/11 23:13:53 INFO]创建服务端套接字
[2023/01/11 23:13:53 INFO]绑定地址: 192.168.0.105
[2023/01/11 23:13:53 INFO]绑定端口: 10000
[2023/01/11 23:13:53 INFO]设定服务器最大连接数量: 1000
[2023/01/11 23:13:53 INFO]启动数据传输监测协程
[2023/01/11 23:13:53 INFO]启动服务器数据更新协程
[2023/01/11 23:13:53 INFO]清空签到表数据
[2023/01/11 23:13:53 INFO]启动客户端连接线程
[2023/01/11 23:13:53 INFO]Done！若需要帮助，请键入“help”
[2023/01/11 23:14:17 INFO]Server 登录服务器
[2023/01/11 23:15:39 INFO]Server 登出服务器
[2023/01/11 23:15:52 INFO]终止服务器数据更新协程
[2023/01/11 23:15:52 INFO]关闭服务器套接字
[2023/01/11 23:15:52 INFO]终止客户端连接线程
[2023/01/11 23:15:52 INFO]Done！点击“启动”以重启服务器
[2023/01/11 23:16:43 INFO]检查服务器参数
[2023/01/11 23:16:43 INFO]创建服务端套接字
[2023/01/11 23:16:43 INFO]绑定地址: 192.168.0.105
[2023/01/11 23:16:43 INFO]绑定端口: 10000
[2023/01/11 23:16:43 INFO]设定服务器最大连接数量: 1000
[2023/01/11 23:16:43 INFO]启动数据传输监测协程
[2023/01/11 23:16:43 INFO]启动服务器数据更新协程
[2023/01/11 23:16:43 INFO]清空签到表数据
[2023/01/11 23:16:43 INFO]启动客户端连接线程
[2023/01/11 23:16:43 INFO]Done！若需要帮助，请键入“help”
[2023/01/11 23:16:53 INFO]终止服务器数据更新协程
[2023/01/11 23:16:53 INFO]关闭服务器套接字
[2023/01/11 23:16:53 INFO]终止客户端连接线程
[2023/01/11 23:16:53 INFO]Done！点击“启动”以重启服务器
[2023/01/11 23:17:00 INFO]检查服务器参数
[2023/01/11 23:17:00 INFO]创建服务端套接字
[2023/01/11 23:17:00 INFO]绑定地址: 192.168.0.105
[2023/01/11 23:17:00 INFO]绑定端口: 10000
[2023/01/11 23:17:00 INFO]设定服务器最大连接数量: 1000
[2023/01/11 23:17:00 INFO]启动数据传输监测协程
[2023/01/11 23:17:00 INFO]启动服务器数据更新协程
[2023/01/11 23:17:00 INFO]清空签到表数据
[2023/01/11 23:17:00 INFO]启动客户端连接线程
[2023/01/11 23:17:00 INFO]Done！若需要帮助，请键入“help”
[2023/01/11 23:17:16 INFO]终止服务器数据更新协程
[2023/01/11 23:17:16 INFO]关闭服务器套接字
[2023/01/11 23:17:16 INFO]终止客户端连接线程
[2023/01/11 23:17:16 INFO]Done！点击“启动”以重启服务器
